<?xml version="1.0" encoding="utf-8"?>
<LinearLayout xmlns:android="http://schemas.android.com/apk/res/android"
    android:layout_width="wrap_content"
    android:layout_height="wrap_content"
    android:background="@color/white"
    android:orientation="vertical">

    <ScrollView
        android:layout_width="match_parent"
        android:layout_height="0dp"
        android:layout_above="@id/bottom"
        android:layout_weight="1">

        <LinearLayout
            android:layout_width="match_parent"
            android:layout_height="wrap_content"
            android:background="@color/white"
            android:orientation="vertical">

            <TextView
                android:layout_width="wrap_content"
                android:layout_height="wrap_content"
                android:layout_marginStart="20dp"
                android:layout_marginTop="20dp"
                android:text="测试结果"
                android:textSize="25sp"
                android:textStyle="bold" />

            <TextView
                android:layout_width="wrap_content"
                android:layout_height="wrap_content"
                android:layout_marginStart="20dp"
                android:layout_marginTop="20dp"
                android:text="标题"
                android:textSize="20sp"
                android:textStyle="bold" />

            <TextView
                android:id="@+id/result_title"
                android:layout_width="wrap_content"
                android:layout_height="wrap_content"
                android:layout_marginStart="20dp"
                android:layout_marginTop="10dp"
                android:layout_marginEnd="20dp"
                android:text="著名galgame游戏厂minori倒闭"
                android:textSize="20sp" />

            <TextView
                android:layout_width="wrap_content"
                android:layout_height="wrap_content"
                android:layout_marginStart="20dp"
                android:layout_marginTop="20dp"
                android:text="正文"
                android:textSize="20sp"
                android:textStyle="bold" />

            <TextView
                android:id="@+id/result_message"
                android:layout_width="wrap_content"
                android:layout_height="wrap_content"
                android:layout_marginStart="20dp"
                android:layout_marginTop="10dp"
                android:layout_marginEnd="20dp"
                android:text="『 ソフトウェア制作終了のお知らせ』

    　minoriは2019年1月25日の『その日の獣には、』の発売を区切りにソフトウェア制作を終了することにしました……"
                android:textSize="20sp" />

            <TextView
                android:layout_width="wrap_content"
                android:layout_height="wrap_content"
                android:layout_marginStart="20dp"
                android:layout_marginTop="20dp"
                android:text="图像"
                android:textSize="20sp"
                android:textStyle="bold" />

            <ImageView
                android:id="@+id/result_image"
                android:layout_width="match_parent"
                android:layout_height="wrap_content"
                android:layout_marginStart="20dp"
                android:layout_marginEnd="20dp"
                android:layout_marginTop="5dp"
                android:contentDescription="抓取的图片"
                android:src="@drawable/pic_notfound" />
        </LinearLayout>

    </ScrollView>

    <LinearLayout
        android:id="@+id/bottom"
        android:layout_width="match_parent"
        android:layout_height="56dp"
        android:background="@color/white"
        android:gravity="end">

        <Button
            android:id="@+id/result_confirm"
            android:layout_width="wrap_content"
            android:layout_height="match_parent"
            android:text="确定"
            android:textSize="20dp"
            android:textStyle="bold"
            android:theme="@style/MyButton"
            style="@style/Widget.MaterialComponents.Button.TextButton"/>

    </LinearLayout>

</LinearLayout>